<?xml version="1.0" encoding="UTF-8"?>
<coverage generated="1644974060962" clover="3.2.0">
  <project timestamp="1644974060963" name="All files">
    <metrics statements="21" coveredstatements="21" conditionals="4" coveredconditionals="4" methods="4" coveredmethods="4" elements="29" coveredelements="29" complexity="0" loc="21" ncloc="21" packages="1" files="1" classes="1"/>
    <file name="markov.js" path="/Users/kate/Desktop/Rithm/Week-6/Exercises/node-markov/markov.js">
      <metrics statements="21" coveredstatements="21" conditionals="4" coveredconditionals="4" methods="4" coveredmethods="4"/>
      <line num="12" count="6" type="stmt"/>
      <line num="13" count="6" type="stmt"/>
      <line num="32" count="9" type="stmt"/>
      <line num="34" count="9" type="stmt"/>
      <line num="36" count="44" type="cond" truecount="2" falsecount="0"/>
      <line num="37" count="36" type="stmt"/>
      <line num="39" count="44" type="stmt"/>
      <line num="42" count="9" type="stmt"/>
      <line num="43" count="9" type="cond" truecount="2" falsecount="0"/>
      <line num="44" count="7" type="stmt"/>
      <line num="46" count="9" type="stmt"/>
      <line num="49" count="9" type="stmt"/>
      <line num="62" count="2" type="stmt"/>
      <line num="63" count="2" type="stmt"/>
      <line num="65" count="2" type="stmt"/>
      <line num="66" count="13" type="stmt"/>
      <line num="67" count="13" type="stmt"/>
      <line num="68" count="13" type="stmt"/>
      <line num="71" count="2" type="stmt"/>
      <line num="75" count="13" type="stmt"/>
      <line num="79" count="1" type="stmt"/>
    </file>
  </project>
</coverage>
