{"/Users/kate/Desktop/Rithm/Week-6/Exercises/node-markov/markov.js": {"path":"/Users/kate/Desktop/Rithm/Week-6/Exercises/node-markov/markov.js","statementMap":{"0":{"start":{"line":12,"column":4},"end":{"line":12,"column":40}},"1":{"start":{"line":13,"column":4},"end":{"line":13,"column":35}},"2":{"start":{"line":32,"column":19},"end":{"line":32,"column":21}},"3":{"start":{"line":34,"column":4},"end":{"line":40,"column":5}},"4":{"start":{"line":34,"column":17},"end":{"line":34,"column":18}},"5":{"start":{"line":36,"column":6},"end":{"line":38,"column":7}},"6":{"start":{"line":37,"column":8},"end":{"line":37,"column":35}},"7":{"start":{"line":39,"column":6},"end":{"line":39,"column":52}},"8":{"start":{"line":42,"column":22},"end":{"line":42,"column":43}},"9":{"start":{"line":43,"column":4},"end":{"line":45,"column":5}},"10":{"start":{"line":44,"column":6},"end":{"line":44,"column":41}},"11":{"start":{"line":46,"column":4},"end":{"line":46,"column":45}},"12":{"start":{"line":49,"column":4},"end":{"line":49,"column":18}},"13":{"start":{"line":62,"column":19},"end":{"line":62,"column":21}},"14":{"start":{"line":63,"column":21},"end":{"line":63,"column":34}},"15":{"start":{"line":65,"column":4},"end":{"line":69,"column":5}},"16":{"start":{"line":66,"column":6},"end":{"line":66,"column":30}},"17":{"start":{"line":67,"column":24},"end":{"line":67,"column":73}},"18":{"start":{"line":68,"column":6},"end":{"line":68,"column":56}},"19":{"start":{"line":71,"column":4},"end":{"line":71,"column":28}},"20":{"start":{"line":75,"column":4},"end":{"line":75,"column":46}},"21":{"start":{"line":79,"column":0},"end":{"line":81,"column":1}}},"fnMap":{"0":{"name":"(anonymous_0)","decl":{"start":{"line":9,"column":2},"end":{"line":9,"column":3}},"loc":{"start":{"line":9,"column":20},"end":{"line":14,"column":3}},"line":9},"1":{"name":"(anonymous_1)","decl":{"start":{"line":30,"column":2},"end":{"line":30,"column":3}},"loc":{"start":{"line":30,"column":14},"end":{"line":50,"column":3}},"line":30},"2":{"name":"(anonymous_2)","decl":{"start":{"line":56,"column":2},"end":{"line":56,"column":3}},"loc":{"start":{"line":56,"column":12},"end":{"line":72,"column":3}},"line":56},"3":{"name":"(anonymous_3)","decl":{"start":{"line":74,"column":2},"end":{"line":74,"column":3}},"loc":{"start":{"line":74,"column":23},"end":{"line":76,"column":3}},"line":74}},"branchMap":{"0":{"loc":{"start":{"line":36,"column":6},"end":{"line":38,"column":7}},"type":"if","locations":[{"start":{"line":36,"column":6},"end":{"line":38,"column":7}},{"start":{},"end":{}}],"line":36},"1":{"loc":{"start":{"line":43,"column":4},"end":{"line":45,"column":5}},"type":"if","locations":[{"start":{"line":43,"column":4},"end":{"line":45,"column":5}},{"start":{},"end":{}}],"line":43}},"s":{"0":6,"1":6,"2":9,"3":9,"4":9,"5":44,"6":36,"7":44,"8":9,"9":9,"10":7,"11":9,"12":9,"13":2,"14":2,"15":2,"16":13,"17":13,"18":13,"19":2,"20":13,"21":1},"f":{"0":6,"1":9,"2":2,"3":13},"b":{"0":[36,8],"1":[7,2]},"_coverageSchema":"1a1c01bbd47fc00a2c39e90264f33305004495a9","hash":"cdc7216abeceef3d2b6abdfb04ccb74a0badfeec"}
}
